mode: atomic
github.com/go-microservice/user-service/internal/repository/user_repo.go:48.59,54.2 1 1
github.com/go-microservice/user-service/internal/repository/user_repo.go:57.97,59.16 2 0
github.com/go-microservice/user-service/internal/repository/user_repo.go:63.2,63.21 1 0
github.com/go-microservice/user-service/internal/repository/user_repo.go:59.16,61.3 1 0
github.com/go-microservice/user-service/internal/repository/user_repo.go:67.91,69.16 2 0
github.com/go-microservice/user-service/internal/repository/user_repo.go:72.2,73.16 2 0
github.com/go-microservice/user-service/internal/repository/user_repo.go:78.2,80.12 2 0
github.com/go-microservice/user-service/internal/repository/user_repo.go:69.16,71.3 1 0
github.com/go-microservice/user-service/internal/repository/user_repo.go:73.16,75.3 1 0
github.com/go-microservice/user-service/internal/repository/user_repo.go:84.93,87.16 2 1
github.com/go-microservice/user-service/internal/repository/user_repo.go:90.2,90.17 1 1
github.com/go-microservice/user-service/internal/repository/user_repo.go:95.2,97.50 3 0
github.com/go-microservice/user-service/internal/repository/user_repo.go:101.2,101.17 1 0
github.com/go-microservice/user-service/internal/repository/user_repo.go:108.2,108.18 1 0
github.com/go-microservice/user-service/internal/repository/user_repo.go:87.16,89.3 1 0
github.com/go-microservice/user-service/internal/repository/user_repo.go:90.17,92.3 1 1
github.com/go-microservice/user-service/internal/repository/user_repo.go:97.50,99.3 1 0
github.com/go-microservice/user-service/internal/repository/user_repo.go:101.17,103.17 2 0
github.com/go-microservice/user-service/internal/repository/user_repo.go:103.17,105.4 1 0
github.com/go-microservice/user-service/internal/repository/user_repo.go:111.110,114.16 3 0
github.com/go-microservice/user-service/internal/repository/user_repo.go:118.2,118.18 1 0
github.com/go-microservice/user-service/internal/repository/user_repo.go:114.16,116.3 1 0
github.com/go-microservice/user-service/internal/repository/user_repo.go:121.104,124.16 3 0
github.com/go-microservice/user-service/internal/repository/user_repo.go:128.2,128.18 1 0
github.com/go-microservice/user-service/internal/repository/user_repo.go:124.16,126.3 1 0
github.com/go-microservice/user-service/internal/repository/user_repo.go:131.104,134.16 3 0
github.com/go-microservice/user-service/internal/repository/user_repo.go:138.2,138.18 1 0
github.com/go-microservice/user-service/internal/repository/user_repo.go:134.16,136.3 1 0
github.com/go-microservice/user-service/internal/repository/user_repo.go:142.103,145.16 3 0
github.com/go-microservice/user-service/internal/repository/user_repo.go:148.2,149.24 2 0
github.com/go-microservice/user-service/internal/repository/user_repo.go:158.2,158.23 1 0
github.com/go-microservice/user-service/internal/repository/user_repo.go:176.2,176.17 1 0
github.com/go-microservice/user-service/internal/repository/user_repo.go:145.16,147.3 1 0
github.com/go-microservice/user-service/internal/repository/user_repo.go:149.24,151.10 2 0
github.com/go-microservice/user-service/internal/repository/user_repo.go:155.3,155.26 1 0
github.com/go-microservice/user-service/internal/repository/user_repo.go:151.10,153.12 2 0
github.com/go-microservice/user-service/internal/repository/user_repo.go:158.23,162.17 4 0
github.com/go-microservice/user-service/internal/repository/user_repo.go:166.3,166.26 1 0
github.com/go-microservice/user-service/internal/repository/user_repo.go:162.17,165.4 1 0
github.com/go-microservice/user-service/internal/repository/user_repo.go:166.26,169.18 3 0
github.com/go-microservice/user-service/internal/repository/user_repo.go:169.18,172.5 1 0
github.com/go-microservice/user-service/internal/cache/user_cache.go:37.48,41.81 3 5
github.com/go-microservice/user-service/internal/cache/user_cache.go:41.81,43.4 1 2
github.com/go-microservice/user-service/internal/cache/user_cache.go:48.54,50.2 1 10
github.com/go-microservice/user-service/internal/cache/user_cache.go:53.118,54.28 1 2
github.com/go-microservice/user-service/internal/cache/user_cache.go:57.2,59.16 3 2
github.com/go-microservice/user-service/internal/cache/user_cache.go:62.2,62.12 1 2
github.com/go-microservice/user-service/internal/cache/user_cache.go:54.28,56.3 1 0
github.com/go-microservice/user-service/internal/cache/user_cache.go:59.16,61.3 1 0
github.com/go-microservice/user-service/internal/cache/user_cache.go:66.99,70.16 4 1
github.com/go-microservice/user-service/internal/cache/user_cache.go:74.2,74.18 1 1
github.com/go-microservice/user-service/internal/cache/user_cache.go:70.16,73.3 2 0
github.com/go-microservice/user-service/internal/cache/user_cache.go:78.110,80.24 2 1
github.com/go-microservice/user-service/internal/cache/user_cache.go:86.2,88.16 3 1
github.com/go-microservice/user-service/internal/cache/user_cache.go:91.2,91.20 1 1
github.com/go-microservice/user-service/internal/cache/user_cache.go:80.24,83.3 2 2
github.com/go-microservice/user-service/internal/cache/user_cache.go:88.16,90.3 1 0
github.com/go-microservice/user-service/internal/cache/user_cache.go:95.115,97.25 2 2
github.com/go-microservice/user-service/internal/cache/user_cache.go:102.2,103.16 2 2
github.com/go-microservice/user-service/internal/cache/user_cache.go:106.2,106.12 1 2
github.com/go-microservice/user-service/internal/cache/user_cache.go:97.25,100.3 2 4
github.com/go-microservice/user-service/internal/cache/user_cache.go:103.16,105.3 1 0
github.com/go-microservice/user-service/internal/cache/user_cache.go:110.71,113.16 3 1
github.com/go-microservice/user-service/internal/cache/user_cache.go:116.2,116.12 1 1
github.com/go-microservice/user-service/internal/cache/user_cache.go:113.16,115.3 1 0
github.com/go-microservice/user-service/internal/cache/user_cache.go:120.79,123.16 3 0
github.com/go-microservice/user-service/internal/cache/user_cache.go:126.2,126.12 1 0
github.com/go-microservice/user-service/internal/cache/user_cache.go:123.16,125.3 1 0
